<?xml version="1.0" encoding="UTF-8"?>
<!-- Generated by org.testng.reporters.JUnitXMLReporter -->
<testsuite ignored="0" hostname="Shubh_51" failures="0" tests="3" name="Test-2" time="92.79" errors="0" timestamp="2024-08-08T15:33:13 IST">
  <testcase classname="com.crm.comcast.testng.orgtest.OrganizationTest" name="createOrgWithIndustryDD" time="21.966"/>
  <testcase classname="com.crm.comcast.testng.orgtest.OrganizationTest" name="createOrgWithPhoneNumber" time="18.582"/>
  <testcase classname="com.crm.comcast.testng.orgtest.OrganizationTest" name="createOrganizationTest" time="22.107"/>
</testsuite> <!-- Test-2 -->
