<?xml version="1.0" encoding="UTF-8"?>
<!-- Generated by org.testng.reporters.JUnitXMLReporter -->
<testsuite ignored="0" hostname="Shubh_51" failures="0" tests="3" name="Test-1" time="109.194" errors="0" timestamp="2024-08-08T15:33:29 IST">
  <testcase classname="com.crm.comcast.testng.contacttest.ContactTest" name="createContactTest" time="23.735"/>
  <testcase classname="com.crm.comcast.testng.contacttest.ContactTest" name="createContactWithOrgTest" time="45.922"/>
  <testcase classname="com.crm.comcast.testng.contacttest.ContactTest" name="createContactWithSupportDateTest" time="12.561"/>
</testsuite> <!-- Test-1 -->
