<?xml version="1.0" encoding="UTF-8"?>
<!-- Generated by org.testng.reporters.JUnitReportReporter -->
<testsuite hostname="Shubh_51" failures="0" tests="2" name="practice.testng.CreateContactTest1" time="0.014" errors="0" timestamp="2024-08-01T16:55:07 IST" skipped="0">
  <testcase classname="practice.testng.CreateContactTest1" name="createContactTest" time="0.007"/>
  <system-out/>
  <testcase classname="practice.testng.CreateContactTest1" name="createContactWithPhoneNumber" time="0.007"/>
  <system-out/>
</testsuite> <!-- practice.testng.CreateContactTest1 -->
