<?xml version="1.0" encoding="UTF-8"?>
<!-- Generated by org.testng.reporters.JUnitReportReporter -->
<testsuite hostname="Shubh_51" failures="0" tests="1" name="paclistener.testng.ActivateSim1" time="0.006" errors="0" timestamp="2024-08-12T17:26:42 IST" skipped="0">
  <testcase classname="paclistener.testng.ActivateSim1" name="activateSimTest" time="0.006"/>
  <system-out/>
</testsuite> <!-- paclistener.testng.ActivateSim1 -->
