<?xml version="1.0" encoding="UTF-8"?>
<!-- Generated by org.testng.reporters.JUnitReportReporter -->
<testsuite hostname="Shubh_51" failures="0" tests="3" name="practice.testng.CreateContactWithPriorityTest" time="0.011" errors="0" timestamp="2024-08-01T18:27:21 IST" skipped="0">
  <testcase classname="practice.testng.CreateContactWithPriorityTest" name="createContactTest" time="0.008"/>
  <system-out/>
  <testcase classname="practice.testng.CreateContactWithPriorityTest" name="modifyContactTest" time="0.001"/>
  <system-out/>
  <testcase classname="practice.testng.CreateContactWithPriorityTest" name="deleteContact" time="0.002"/>
  <system-out/>
</testsuite> <!-- practice.testng.CreateContactWithPriorityTest -->
