<?xml version="1.0" encoding="UTF-8"?>
<!-- Generated by org.testng.reporters.JUnitReportReporter -->
<testsuite hostname="Shubh_51" failures="0" tests="11" name="practice.testng.InvocationCount" time="0.022" errors="0" timestamp="2024-08-02T11:08:47 IST" skipped="1">
  <testcase classname="practice.testng.InvocationCount" name="createOrderTest" time="0.001"/>
  <system-out/>
  <testcase classname="practice.testng.InvocationCount" name="createOrderTest" time="0.001"/>
  <system-out/>
  <testcase classname="practice.testng.InvocationCount" name="createOrderTest" time="0.001"/>
  <system-out/>
  <testcase classname="practice.testng.InvocationCount" name="createOrderTest" time="0.002"/>
  <system-out/>
  <testcase classname="practice.testng.InvocationCount" name="createOrderTest" time="0.001"/>
  <system-out/>
  <testcase classname="practice.testng.InvocationCount" name="createOrderTest" time="0.000"/>
  <system-out/>
  <testcase classname="practice.testng.InvocationCount" name="createOrderTest" time="0.007"/>
  <system-out/>
  <testcase classname="practice.testng.InvocationCount" name="createOrderTest" time="0.006"/>
  <system-out/>
  <testcase classname="practice.testng.InvocationCount" name="createOrderTest" time="0.001"/>
  <system-out/>
  <testcase classname="practice.testng.InvocationCount" name="createOrderTest" time="0.002"/>
  <system-out/>
  <testcase classname="practice.testng.InvocationCount" name="BillingAnOrderTest">
    <skipped/>
  </testcase> <!-- BillingAnOrderTest -->
  <system-out/>
</testsuite> <!-- practice.testng.InvocationCount -->
