<?xml version="1.0" encoding="UTF-8"?>
<!-- Generated by org.testng.reporters.JUnitReportReporter -->
<testsuite hostname="Shubh_51" failures="0" tests="2" name="com.crm.comcast.testng.contacttest.CreateContactTest" time="0.003" errors="0" timestamp="2024-08-06T13:08:18 IST" skipped="0">
  <testcase classname="com.crm.comcast.testng.contacttest.CreateContactTest" name="CreateContact" time="0.001"/>
  <system-out/>
  <testcase classname="com.crm.comcast.testng.contacttest.CreateContactTest" name="createContactWithSupportDate" time="0.002"/>
  <system-out/>
</testsuite> <!-- com.crm.comcast.testng.contacttest.CreateContactTest -->
