<?xml version="1.0" encoding="UTF-8"?>
<!-- Generated by org.testng.reporters.JUnitReportReporter -->
<testsuite hostname="Shubh_51" failures="0" tests="1" name="practice.testng.SampleTest2" time="0.007" errors="0" timestamp="2024-08-01T16:02:50 IST" skipped="0">
  <testcase classname="practice.testng.SampleTest2" name="createContactTest" time="0.007"/>
  <system-out/>
</testsuite> <!-- practice.testng.SampleTest2 -->
