<?xml version="1.0" encoding="UTF-8"?>
<!-- Generated by org.testng.reporters.JUnitReportReporter -->
<testsuite hostname="Shubh_51" failures="0" tests="3" name="practice.testng.CreateContactWithNOPriorityTest2" time="0.009" errors="0" timestamp="2024-08-01T18:43:41 IST" skipped="0">
  <testcase classname="practice.testng.CreateContactWithNOPriorityTest2" name="createContactTest" time="0.008"/>
  <system-out/>
  <testcase classname="practice.testng.CreateContactWithNOPriorityTest2" name="deleteContact" time="0.001"/>
  <system-out/>
  <testcase classname="practice.testng.CreateContactWithNOPriorityTest2" name="modifyContactTest" time="0.000"/>
  <system-out/>
</testsuite> <!-- practice.testng.CreateContactWithNOPriorityTest2 -->
