<?xml version="1.0" encoding="UTF-8"?>
<!-- Generated by org.testng.reporters.JUnitReportReporter -->
<testsuite hostname="Shubh_51" failures="0" tests="2" name="practice1.testng.configurationanntotaion.CreateContactTest2" time="0.008" errors="0" timestamp="2024-08-06T10:54:51 IST" skipped="0">
  <testcase classname="practice1.testng.configurationanntotaion.CreateContactTest2" name="modifyCreateContact" time="0.004"/>
  <system-out/>
  <testcase classname="practice1.testng.configurationanntotaion.CreateContactTest2" name="CreateContact" time="0.004"/>
  <system-out/>
</testsuite> <!-- practice1.testng.configurationanntotaion.CreateContactTest2 -->
