<?xml version="1.0" encoding="UTF-8"?>
<!-- Generated by org.testng.reporters.JUnitReportReporter -->
<testsuite hostname="Shubh_51" failures="0" tests="2" name="practice.testng.CreateOrderByUsingDependsOnMethodNotByPriorityTest1" time="0.007" errors="0" timestamp="2024-08-02T10:54:10 IST" skipped="0">
  <testcase classname="practice.testng.CreateOrderByUsingDependsOnMethodNotByPriorityTest1" name="BillingAnOrderTest" time="0.001"/>
  <system-out/>
  <testcase classname="practice.testng.CreateOrderByUsingDependsOnMethodNotByPriorityTest1" name="createOrderTest" time="0.006"/>
  <system-out/>
</testsuite> <!-- practice.testng.CreateOrderByUsingDependsOnMethodNotByPriorityTest1 -->
