<?xml version="1.0" encoding="UTF-8"?>
<!-- Generated by org.testng.reporters.JUnitReportReporter -->
<testsuite hostname="Shubh_51" failures="0" tests="3" name="practice.testng.ContactTest" time="0.008" errors="0" timestamp="2024-08-01T18:24:39 IST" skipped="0">
  <testcase classname="practice.testng.ContactTest" name="deleteContact" time="0.001"/>
  <system-out/>
  <testcase classname="practice.testng.ContactTest" name="createContactTest" time="0.006"/>
  <system-out/>
  <testcase classname="practice.testng.ContactTest" name="modifyContactTest" time="0.001"/>
  <system-out/>
</testsuite> <!-- practice.testng.ContactTest -->
