<?xml version="1.0" encoding="UTF-8"?>
<!-- Generated by org.testng.reporters.JUnitReportReporter -->
<testsuite hostname="Shubh_51" failures="0" tests="3" name="practice1.testng.CreateContactUsingDataProviderTest1" time="0.020" errors="0" timestamp="2024-08-02T12:49:36 IST" skipped="0">
  <testcase classname="practice1.testng.CreateContactUsingDataProviderTest1" name="createContactTest" time="0.008"/>
  <system-out/>
  <testcase classname="practice1.testng.CreateContactUsingDataProviderTest1" name="createContactTest" time="0.001"/>
  <system-out/>
  <testcase classname="practice1.testng.CreateContactUsingDataProviderTest1" name="createContactTest" time="0.011"/>
  <system-out/>
</testsuite> <!-- practice1.testng.CreateContactUsingDataProviderTest1 -->
