<?xml version="1.0" encoding="UTF-8"?>
<!-- Generated by org.testng.reporters.JUnitReportReporter -->
<testsuite hostname="Shubh_51" failures="0" tests="2" name="practice.testng.Contacttest11" time="0.012" errors="0" timestamp="2024-08-02T11:04:38 IST" skipped="0">
  <testcase classname="practice.testng.Contacttest11" name="modifyContactTest" time="0.002"/>
  <system-out/>
  <testcase classname="practice.testng.Contacttest11" name="createContactTest" time="0.010"/>
  <system-out/>
</testsuite> <!-- practice.testng.Contacttest11 -->
