<?xml version="1.0" encoding="UTF-8"?>
<!-- Generated by org.testng.reporters.JUnitReportReporter -->
<testsuite hostname="Shubh_51" failures="0" tests="1" name="practice.testng.SampleTest3" time="0.010" errors="0" timestamp="2024-08-01T16:03:53 IST" skipped="0">
  <testcase classname="practice.testng.SampleTest3" name="createContactTest" time="0.010"/>
  <system-out/>
</testsuite> <!-- practice.testng.SampleTest3 -->
