<?xml version="1.0" encoding="UTF-8"?>
<!-- Generated by org.testng.reporters.JUnitReportReporter -->
<testsuite hostname="Shubh_51" failures="0" tests="1" name="practice.testng.SampleTest" time="0.010" errors="0" timestamp="2024-08-01T15:50:24 IST" skipped="0">
  <testcase classname="practice.testng.SampleTest" name="test1" time="0.010"/>
  <system-out/>
</testsuite> <!-- practice.testng.SampleTest -->
