<?xml version="1.0" encoding="UTF-8"?>
<!-- Generated by org.testng.reporters.JUnitReportReporter -->
<testsuite hostname="Shubh_51" failures="0" tests="3" name="practice1.testng.realexampleofdataprovider.AddGetProductInfoTest" time="16.837" errors="0" timestamp="2024-08-02T15:32:46 IST" skipped="0">
  <testcase classname="practice1.testng.realexampleofdataprovider.AddGetProductInfoTest" name="getProductInfoTest" time="5.270"/>
  <system-out/>
  <testcase classname="practice1.testng.realexampleofdataprovider.AddGetProductInfoTest" name="getProductInfoTest" time="4.973"/>
  <system-out/>
  <testcase classname="practice1.testng.realexampleofdataprovider.AddGetProductInfoTest" name="getProductInfoTest" time="6.594"/>
  <system-out/>
</testsuite> <!-- practice1.testng.realexampleofdataprovider.AddGetProductInfoTest -->
