<?xml version="1.0" encoding="UTF-8"?>
<!-- Generated by org.testng.reporters.JUnitReportReporter -->
<testsuite hostname="Shubh_51" failures="0" tests="1" name="pactice.extentreport.screenshot.LogTheScreenshotInsideExtentReport" time="2.790" errors="0" timestamp="2024-08-16T17:19:13 IST" skipped="0">
  <testcase classname="pactice.extentreport.screenshot.LogTheScreenshotInsideExtentReport" name="createContactTest" time="2.790"/>
  <system-out/>
</testsuite> <!-- pactice.extentreport.screenshot.LogTheScreenshotInsideExtentReport -->
