<?xml version="1.0" encoding="UTF-8"?>
<!-- Generated by org.testng.reporters.JUnitReportReporter -->
<testsuite hostname="Shubh_51" failures="0" tests="3" name="practice.testng.ContactTestWithPriority" time="0.009" errors="0" timestamp="2024-08-01T18:24:54 IST" skipped="0">
  <testcase classname="practice.testng.ContactTestWithPriority" name="createContactTest" time="0.006"/>
  <system-out/>
  <testcase classname="practice.testng.ContactTestWithPriority" name="modifyContactTest" time="0.002"/>
  <system-out/>
  <testcase classname="practice.testng.ContactTestWithPriority" name="deleteContact" time="0.001"/>
  <system-out/>
</testsuite> <!-- practice.testng.ContactTestWithPriority -->
