<?xml version="1.0" encoding="UTF-8"?>
<!-- Generated by org.testng.reporters.JUnitReportReporter -->
<testsuite hostname="Shubh_51" failures="0" tests="1" name="practice1.testng.configurationanntotaion.CreateContactTest" time="0.008" errors="0" timestamp="2024-08-06T10:45:29 IST" skipped="0">
  <testcase classname="practice1.testng.configurationanntotaion.CreateContactTest" name="CreateContact" time="0.008"/>
  <system-out/>
</testsuite> <!-- practice1.testng.configurationanntotaion.CreateContactTest -->
