<?xml version="1.0" encoding="UTF-8"?>
<!-- Generated by org.testng.reporters.JUnitReportReporter -->
<testsuite hostname="Shubh_51" failures="0" tests="2" name="com.crm.comcast.testng.orgtest.CreateOrganizationtest" time="0.006" errors="0" timestamp="2024-08-06T13:08:18 IST" skipped="0">
  <testcase classname="com.crm.comcast.testng.orgtest.CreateOrganizationtest" name="CreateOrg" time="0.004"/>
  <system-out/>
  <testcase classname="com.crm.comcast.testng.orgtest.CreateOrganizationtest" name="createOrgWithIndusrty" time="0.002"/>
  <system-out/>
</testsuite> <!-- com.crm.comcast.testng.orgtest.CreateOrganizationtest -->
