<?xml version="1.0" encoding="UTF-8"?>
<!-- Generated by org.testng.reporters.JUnitReportReporter -->
<testsuite hostname="Shubh_51" failures="0" tests="2" name="practice1.testng.configurationanntotaion.CreateContactTest4" time="0.006" errors="0" timestamp="2024-08-06T11:08:27 IST" skipped="0">
  <testcase classname="practice1.testng.configurationanntotaion.CreateContactTest4" name="modifyCreateContact" time="0.002"/>
  <system-out/>
  <testcase classname="practice1.testng.configurationanntotaion.CreateContactTest4" name="CreateContact" time="0.004"/>
  <system-out/>
</testsuite> <!-- practice1.testng.configurationanntotaion.CreateContactTest4 -->
