<?xml version="1.0" encoding="UTF-8"?>
<!-- Generated by org.testng.reporters.JUnitReportReporter -->
<testsuite hostname="Shubh_51" failures="0" tests="2" name="practice.testng.CreateOrderByUsingDependsOnMethodNotByPriorityTest" time="0.035" errors="0" timestamp="2024-08-02T10:49:46 IST" skipped="0">
  <testcase classname="practice.testng.CreateOrderByUsingDependsOnMethodNotByPriorityTest" name="createOrderTest" time="0.022"/>
  <system-out/>
  <testcase classname="practice.testng.CreateOrderByUsingDependsOnMethodNotByPriorityTest" name="BillingAnOrderTest" time="0.013"/>
  <system-out/>
</testsuite> <!-- practice.testng.CreateOrderByUsingDependsOnMethodNotByPriorityTest -->
